---------------------------------------
Begin Slurm Prolog: Sep-12-2024 14:32:49
Job ID:    1267335
User ID:   mghanem8
Account:   gts-agarg35
Job name:  SlurmPythonExample
Partition: gpu-rtx6000
QOS:       embers
---------------------------------------

The following have been reloaded with a version change:
  1) anaconda3/2022.05 => anaconda3/2022.05.0.1

/usr/local/pace-apps/lmod/lmod/init/bash: line 169: conda: command not found
Running the following command:
python train.py --config-name=train_diffusion_unet_ddim_hybrid_workspace.yaml task=orbit_dual_suture hydra.run.dir=/storage/home/hcoda1/7/mghanem8/codes/quest_v0/experiments/diffpolicy/orbit_dual_suture_50 training.seed=0 training.device=cuda:0 exp_name=orbit_dual_suture_50_single-cam logging.mode=online task.dataset.max_train_episodes=50

============= Initialized Observation Utils with Obs Spec =============

using obs modality: low_dim with keys: ['joint_pos']
using obs modality: rgb with keys: ['image']
using obs modality: depth with keys: []
using obs modality: scan with keys: []
/storage/home/hcoda1/7/mghanem8/.conda/envs/robodiff/lib/python3.9/site-packages/torchvision/models/_utils.py:208: UserWarning: The parameter 'pretrained' is deprecated since 0.13 and will be removed in 0.15, please use 'weights' instead.
  warnings.warn(
/storage/home/hcoda1/7/mghanem8/.conda/envs/robodiff/lib/python3.9/site-packages/torchvision/models/_utils.py:223: UserWarning: Arguments other than a weight enum or `None` for 'weights' are deprecated since 0.13 and will be removed in 0.15. The current behavior is equivalent to passing `weights=None`.
  warnings.warn(msg)
[2024-09-12 14:33:20,861][diffusion_policy.model.diffusion.conditional_unet1d][INFO] - number of parameters: 2.523578e+08
Diffusion params: 2.523578e+08
Vision params: 1.145110e+07
slurmstepd: error: Detected 1 oom_kill event in StepId=1267335.0. Some of the step tasks have been OOM Killed.
srun: error: atl1-1-03-003-21-0: task 0: Out Of Memory
slurmstepd: error: Detected 1 oom_kill event in StepId=1267335.batch. Some of the step tasks have been OOM Killed.
